{
  "stats": {
    "suites": 1,
    "tests": 4,
    "passes": 4,
    "pending": 0,
    "failures": 0,
    "start": "2020-09-05T03:36:00.671Z",
    "end": "2020-09-05T03:38:38.123Z",
    "duration": 157452,
    "testsRegistered": 4,
    "passPercent": 100,
    "pendingPercent": 0,
    "other": 0,
    "hasOther": false,
    "skipped": 0,
    "hasSkipped": false
  },
  "results": [
    {
      "uuid": "d735677a-9df6-47b3-b33f-ac485f916303",
      "title": "",
      "fullFile": "cypress\\integration\\calculatorSteps\\calculatorSteps.feature",
      "file": "cypress\\integration\\calculatorSteps\\calculatorSteps.feature",
      "beforeHooks": [],
      "afterHooks": [],
      "tests": [],
      "suites": [
        {
          "uuid": "188c3d08-cbdb-4446-96b5-891530c3e2be",
          "title": "Launch the online calculator application and check basic arithmetic operations",
          "fullFile": "",
          "file": "",
          "beforeHooks": [],
          "afterHooks": [],
          "tests": [
            {
              "title": "Verify the URL and the application canvas",
              "fullTitle": "Launch the online calculator application and check basic arithmetic operations Verify the URL and the application canvas",
              "timedOut": null,
              "duration": 3486,
              "state": "passed",
              "speed": "slow",
              "pass": true,
              "fail": false,
              "pending": false,
              "context": "\"screenshots/calculatorSteps\\\\calculatorSteps.feature/Launch the online calculator application and check basic arithmetic operations -- Verify the URL and the application canvas (failed).png\"",
              "code": "const state = window.testState;\nreturn cy\n  .then(() => state.onStartScenario(scenario, indexedSteps))\n  .then(() =>\n    resolveAndRunBeforeHooks.call(this, scenario.tags, state.feature.name)\n  )\n  .then(() =>\n    indexedSteps.forEach(step =>\n      stepTest.call(this, state, step, rowData)\n    )\n  )\n  .then(() =>\n    resolveAndRunAfterHooks.call(this, scenario.tags, state.feature.name)\n  )\n  .then(() => state.onFinishScenario(scenario));",
              "err": {},
              "uuid": "6201d206-d09f-4b7d-b905-2a7265b2bf26",
              "parentUUID": "188c3d08-cbdb-4446-96b5-891530c3e2be",
              "isHook": false,
              "skipped": false
            },
            {
              "title": "Verify Addition operations on the online calculator",
              "fullTitle": "Launch the online calculator application and check basic arithmetic operations Verify Addition operations on the online calculator",
              "timedOut": null,
              "duration": 61198,
              "state": "passed",
              "speed": "slow",
              "pass": true,
              "fail": false,
              "pending": false,
              "context": "\"screenshots/calculatorSteps\\\\calculatorSteps.feature/Launch the online calculator application and check basic arithmetic operations -- Verify Addition operations on the online calculator (failed).png\"",
              "code": "const state = window.testState;\nreturn cy\n  .then(() => state.onStartScenario(scenario, indexedSteps))\n  .then(() =>\n    resolveAndRunBeforeHooks.call(this, scenario.tags, state.feature.name)\n  )\n  .then(() =>\n    indexedSteps.forEach(step =>\n      stepTest.call(this, state, step, rowData)\n    )\n  )\n  .then(() =>\n    resolveAndRunAfterHooks.call(this, scenario.tags, state.feature.name)\n  )\n  .then(() => state.onFinishScenario(scenario));",
              "err": {},
              "uuid": "a1f12db5-e9ff-4fd9-8e61-be6f226c7c11",
              "parentUUID": "188c3d08-cbdb-4446-96b5-891530c3e2be",
              "isHook": false,
              "skipped": false
            },
            {
              "title": "Verify Substraction operations on the online calculator",
              "fullTitle": "Launch the online calculator application and check basic arithmetic operations Verify Substraction operations on the online calculator",
              "timedOut": null,
              "duration": 41506,
              "state": "passed",
              "speed": "slow",
              "pass": true,
              "fail": false,
              "pending": false,
              "context": "\"screenshots/calculatorSteps\\\\calculatorSteps.feature/Launch the online calculator application and check basic arithmetic operations -- Verify Substraction operations on the online calculator (failed).png\"",
              "code": "const state = window.testState;\nreturn cy\n  .then(() => state.onStartScenario(scenario, indexedSteps))\n  .then(() =>\n    resolveAndRunBeforeHooks.call(this, scenario.tags, state.feature.name)\n  )\n  .then(() =>\n    indexedSteps.forEach(step =>\n      stepTest.call(this, state, step, rowData)\n    )\n  )\n  .then(() =>\n    resolveAndRunAfterHooks.call(this, scenario.tags, state.feature.name)\n  )\n  .then(() => state.onFinishScenario(scenario));",
              "err": {},
              "uuid": "daf31b24-6794-4efb-ba02-f2582e5adf61",
              "parentUUID": "188c3d08-cbdb-4446-96b5-891530c3e2be",
              "isHook": false,
              "skipped": false
            },
            {
              "title": "Verify Divission operations on the online calculator",
              "fullTitle": "Launch the online calculator application and check basic arithmetic operations Verify Divission operations on the online calculator",
              "timedOut": null,
              "duration": 41128,
              "state": "passed",
              "speed": "slow",
              "pass": true,
              "fail": false,
              "pending": false,
              "context": "\"screenshots/calculatorSteps\\\\calculatorSteps.feature/Launch the online calculator application and check basic arithmetic operations -- Verify Divission operations on the online calculator (failed).png\"",
              "code": "const state = window.testState;\nreturn cy\n  .then(() => state.onStartScenario(scenario, indexedSteps))\n  .then(() =>\n    resolveAndRunBeforeHooks.call(this, scenario.tags, state.feature.name)\n  )\n  .then(() =>\n    indexedSteps.forEach(step =>\n      stepTest.call(this, state, step, rowData)\n    )\n  )\n  .then(() =>\n    resolveAndRunAfterHooks.call(this, scenario.tags, state.feature.name)\n  )\n  .then(() => state.onFinishScenario(scenario));",
              "err": {},
              "uuid": "976cfd83-dba6-4cf6-954a-9c88337c3f9e",
              "parentUUID": "188c3d08-cbdb-4446-96b5-891530c3e2be",
              "isHook": false,
              "skipped": false
            }
          ],
          "suites": [],
          "passes": [
            "6201d206-d09f-4b7d-b905-2a7265b2bf26",
            "a1f12db5-e9ff-4fd9-8e61-be6f226c7c11",
            "daf31b24-6794-4efb-ba02-f2582e5adf61",
            "976cfd83-dba6-4cf6-954a-9c88337c3f9e"
          ],
          "failures": [],
          "pending": [],
          "skipped": [],
          "duration": 147318,
          "root": false,
          "rootEmpty": false,
          "_timeout": 2000
        }
      ],
      "passes": [],
      "failures": [],
      "pending": [],
      "skipped": [],
      "duration": 0,
      "root": true,
      "rootEmpty": true,
      "_timeout": 2000
    }
  ],
  "meta": {
    "mocha": {
      "version": "7.0.1"
    },
    "mochawesome": {
      "options": {
        "quiet": false,
        "reportFilename": "xendit-qa-assessment-testrun-report",
        "saveHtml": true,
        "saveJson": true,
        "consoleReporter": "spec",
        "useInlineDiffs": false,
        "code": true
      },
      "version": "6.1.1"
    },
    "marge": {
      "options": {
        "reportDir": "cypress/reports",
        "reportFilename": "xendit-qa-assessment-testrun-report",
        "overwrite": true,
        "html": true,
        "json": true,
        "charts": true
      },
      "version": "5.1.0"
    }
  }
}